<?xml version="1.0" encoding="UTF-8"?>
<testsuite xmlns:xsi="http://www.w3.org/2001/XMLSchema-instance" xsi:noNamespaceSchemaLocation="https://maven.apache.org/surefire/maven-surefire-plugin/xsd/surefire-test-report.xsd" name="com.ssa.hrmsCustomer.HrmsCustomerTest" time="3.842" tests="1" errors="0" skipped="0" failures="0">
  <properties>
    <property name="sun.desktop" value="windows"/>
    <property name="awt.toolkit" value="sun.awt.windows.WToolkit"/>
    <property name="file.encoding.pkg" value="sun.io"/>
    <property name="java.specification.version" value="1.8"/>
    <property name="sun.cpu.isalist" value="amd64"/>
    <property name="sun.jnu.encoding" value="Cp1252"/>
    <property name="java.class.path" value="G:\spring workspace\HrmsCustomer\HrmsCustomer-webservices\target\test-classes;G:\spring workspace\HrmsCustomer\HrmsCustomer-webservices\target\classes;G:\spring workspace\HrmsCustomer\HrmsCustomer-common\target\HrmsCustomer-common-0.0.1-SNAPSHOT.jar;G:\software\m2\net\sf\dozer\dozer\5.5.1\dozer-5.5.1.jar;G:\software\m2\commons-beanutils\commons-beanutils\1.9.1\commons-beanutils-1.9.1.jar;G:\software\m2\commons-collections\commons-collections\3.2.1\commons-collections-3.2.1.jar;G:\software\m2\org\apache\commons\commons-lang3\3.8.1\commons-lang3-3.8.1.jar;G:\software\m2\org\slf4j\jcl-over-slf4j\1.7.26\jcl-over-slf4j-1.7.26.jar;G:\software\m2\org\springframework\boot\spring-boot-starter-log4j2\2.1.4.RELEASE\spring-boot-starter-log4j2-2.1.4.RELEASE.jar;G:\software\m2\org\apache\logging\log4j\log4j-slf4j-impl\2.11.2\log4j-slf4j-impl-2.11.2.jar;G:\software\m2\org\apache\logging\log4j\log4j-api\2.11.2\log4j-api-2.11.2.jar;G:\software\m2\org\apache\logging\log4j\log4j-core\2.11.2\log4j-core-2.11.2.jar;G:\software\m2\org\apache\logging\log4j\log4j-jul\2.11.2\log4j-jul-2.11.2.jar;G:\software\m2\org\slf4j\jul-to-slf4j\1.7.26\jul-to-slf4j-1.7.26.jar;G:\software\m2\com\lmax\disruptor\3.3.6\disruptor-3.3.6.jar;G:\software\m2\org\asynchttpclient\async-http-client\2.0.37\async-http-client-2.0.37.jar;G:\software\m2\org\asynchttpclient\async-http-client-netty-utils\2.0.37\async-http-client-netty-utils-2.0.37.jar;G:\software\m2\io\netty\netty-buffer\4.1.34.Final\netty-buffer-4.1.34.Final.jar;G:\software\m2\io\netty\netty-codec-http\4.1.34.Final\netty-codec-http-4.1.34.Final.jar;G:\software\m2\io\netty\netty-common\4.1.34.Final\netty-common-4.1.34.Final.jar;G:\software\m2\io\netty\netty-transport\4.1.34.Final\netty-transport-4.1.34.Final.jar;G:\software\m2\io\netty\netty-resolver\4.1.34.Final\netty-resolver-4.1.34.Final.jar;G:\software\m2\io\netty\netty-codec\4.1.34.Final\netty-codec-4.1.34.Final.jar;G:\software\m2\io\netty\netty-handler\4.1.34.Final\netty-handler-4.1.34.Final.jar;G:\software\m2\io\netty\netty-transport-native-epoll\4.1.34.Final\netty-transport-native-epoll-4.1.34.Final-linux-x86_64.jar;G:\software\m2\io\netty\netty-transport-native-unix-common\4.1.34.Final\netty-transport-native-unix-common-4.1.34.Final.jar;G:\software\m2\org\asynchttpclient\netty-resolver-dns\2.0.37\netty-resolver-dns-2.0.37.jar;G:\software\m2\org\asynchttpclient\netty-resolver\2.0.37\netty-resolver-2.0.37.jar;G:\software\m2\org\asynchttpclient\netty-codec-dns\2.0.37\netty-codec-dns-2.0.37.jar;G:\software\m2\org\reactivestreams\reactive-streams\1.0.2\reactive-streams-1.0.2.jar;G:\software\m2\com\typesafe\netty\netty-reactive-streams\1.0.8\netty-reactive-streams-1.0.8.jar;G:\software\m2\org\json\json\20160212\json-20160212.jar;G:\software\m2\commons-codec\commons-codec\1.11\commons-codec-1.11.jar;G:\software\m2\org\springframework\spring-context\5.1.6.RELEASE\spring-context-5.1.6.RELEASE.jar;G:\software\m2\org\springframework\spring-beans\5.1.6.RELEASE\spring-beans-5.1.6.RELEASE.jar;G:\software\m2\org\springframework\spring-expression\5.1.6.RELEASE\spring-expression-5.1.6.RELEASE.jar;G:\software\m2\com\fasterxml\jackson\core\jackson-core\2.9.8\jackson-core-2.9.8.jar;G:\software\m2\com\fasterxml\jackson\core\jackson-databind\2.9.8\jackson-databind-2.9.8.jar;G:\software\m2\org\slf4j\slf4j-api\1.7.26\slf4j-api-1.7.26.jar;G:\software\m2\org\springframework\security\spring-security-crypto\5.1.5.RELEASE\spring-security-crypto-5.1.5.RELEASE.jar;G:\software\m2\org\springframework\boot\spring-boot-starter-mail\2.1.4.RELEASE\spring-boot-starter-mail-2.1.4.RELEASE.jar;G:\software\m2\org\springframework\spring-context-support\5.1.6.RELEASE\spring-context-support-5.1.6.RELEASE.jar;G:\software\m2\com\sun\mail\javax.mail\1.6.2\javax.mail-1.6.2.jar;G:\software\m2\javax\activation\activation\1.1\activation-1.1.jar;G:\software\m2\org\springframework\boot\spring-boot-starter-freemarker\2.1.4.RELEASE\spring-boot-starter-freemarker-2.1.4.RELEASE.jar;G:\software\m2\org\freemarker\freemarker\2.3.28\freemarker-2.3.28.jar;G:\software\m2\org\springframework\boot\spring-boot-starter-data-redis\2.1.4.RELEASE\spring-boot-starter-data-redis-2.1.4.RELEASE.jar;G:\software\m2\org\springframework\data\spring-data-redis\2.1.6.RELEASE\spring-data-redis-2.1.6.RELEASE.jar;G:\software\m2\org\springframework\data\spring-data-keyvalue\2.1.6.RELEASE\spring-data-keyvalue-2.1.6.RELEASE.jar;G:\software\m2\org\springframework\spring-oxm\5.1.6.RELEASE\spring-oxm-5.1.6.RELEASE.jar;G:\software\m2\io\lettuce\lettuce-core\5.1.6.RELEASE\lettuce-core-5.1.6.RELEASE.jar;G:\software\m2\io\projectreactor\reactor-core\3.2.8.RELEASE\reactor-core-3.2.8.RELEASE.jar;G:\spring workspace\HrmsCustomer\HrmsCustomer-DTO\target\HrmsCustomer-DTO-0.0.1-SNAPSHOT.jar;G:\software\m2\org\hibernate\javax\persistence\hibernate-jpa-2.1-api\1.0.0.Final\hibernate-jpa-2.1-api-1.0.0.Final.jar;G:\software\m2\org\hibernate\hibernate-validator\5.2.4.Final\hibernate-validator-5.2.4.Final.jar;G:\software\m2\javax\validation\validation-api\2.0.1.Final\validation-api-2.0.1.Final.jar;G:\software\m2\org\jboss\logging\jboss-logging\3.3.2.Final\jboss-logging-3.3.2.Final.jar;G:\software\m2\com\fasterxml\classmate\1.4.0\classmate-1.4.0.jar;G:\software\m2\org\hibernate\hibernate-java8\5.3.9.Final\hibernate-java8-5.3.9.Final.jar;G:\software\m2\org\hibernate\hibernate-core\5.3.9.Final\hibernate-core-5.3.9.Final.jar;G:\software\m2\javax\persistence\javax.persistence-api\2.2\javax.persistence-api-2.2.jar;G:\software\m2\org\javassist\javassist\3.23.1-GA\javassist-3.23.1-GA.jar;G:\software\m2\antlr\antlr\2.7.7\antlr-2.7.7.jar;G:\software\m2\org\jboss\spec\javax\transaction\jboss-transaction-api_1.2_spec\1.1.1.Final\jboss-transaction-api_1.2_spec-1.1.1.Final.jar;G:\software\m2\org\jboss\jandex\2.0.5.Final\jandex-2.0.5.Final.jar;G:\software\m2\javax\activation\javax.activation-api\1.2.0\javax.activation-api-1.2.0.jar;G:\software\m2\org\dom4j\dom4j\2.1.1\dom4j-2.1.1.jar;G:\software\m2\org\hibernate\common\hibernate-commons-annotations\5.0.4.Final\hibernate-commons-annotations-5.0.4.Final.jar;G:\software\m2\com\fasterxml\jackson\core\jackson-annotations\2.9.0\jackson-annotations-2.9.0.jar;G:\software\m2\org\projectlombok\lombok\1.18.6\lombok-1.18.6.jar;G:\spring workspace\HrmsCustomer\HrmsCustomer-security\target\HrmsCustomer-security-0.0.1-SNAPSHOT.jar;G:\software\m2\org\springframework\boot\spring-boot-starter-security\2.1.4.RELEASE\spring-boot-starter-security-2.1.4.RELEASE.jar;G:\software\m2\org\springframework\security\spring-security-config\5.1.5.RELEASE\spring-security-config-5.1.5.RELEASE.jar;G:\software\m2\org\springframework\security\spring-security-core\5.1.5.RELEASE\spring-security-core-5.1.5.RELEASE.jar;G:\software\m2\org\springframework\security\spring-security-web\5.1.5.RELEASE\spring-security-web-5.1.5.RELEASE.jar;G:\software\m2\io\jsonwebtoken\jjwt\0.9.0\jjwt-0.9.0.jar;G:\software\m2\org\modelmapper\modelmapper\2.3.2\modelmapper-2.3.2.jar;G:\spring workspace\HrmsCustomer\HrmsCustomer-DAO\target\HrmsCustomer-DAO-0.0.1-SNAPSHOT.jar;G:\software\m2\org\springframework\boot\spring-boot-starter-data-jpa\2.1.4.RELEASE\spring-boot-starter-data-jpa-2.1.4.RELEASE.jar;G:\software\m2\org\springframework\boot\spring-boot-starter-jdbc\2.1.4.RELEASE\spring-boot-starter-jdbc-2.1.4.RELEASE.jar;G:\software\m2\com\zaxxer\HikariCP\3.2.0\HikariCP-3.2.0.jar;G:\software\m2\org\springframework\spring-jdbc\5.1.6.RELEASE\spring-jdbc-5.1.6.RELEASE.jar;G:\software\m2\javax\transaction\javax.transaction-api\1.3\javax.transaction-api-1.3.jar;G:\software\m2\javax\xml\bind\jaxb-api\2.3.1\jaxb-api-2.3.1.jar;G:\software\m2\org\springframework\data\spring-data-jpa\2.1.6.RELEASE\spring-data-jpa-2.1.6.RELEASE.jar;G:\software\m2\org\springframework\spring-orm\5.1.6.RELEASE\spring-orm-5.1.6.RELEASE.jar;G:\software\m2\org\springframework\spring-aspects\5.1.6.RELEASE\spring-aspects-5.1.6.RELEASE.jar;G:\software\m2\org\springframework\boot\spring-boot-starter-web\2.1.4.RELEASE\spring-boot-starter-web-2.1.4.RELEASE.jar;G:\software\m2\org\springframework\boot\spring-boot-starter-json\2.1.4.RELEASE\spring-boot-starter-json-2.1.4.RELEASE.jar;G:\software\m2\com\fasterxml\jackson\datatype\jackson-datatype-jdk8\2.9.8\jackson-datatype-jdk8-2.9.8.jar;G:\software\m2\com\fasterxml\jackson\datatype\jackson-datatype-jsr310\2.9.8\jackson-datatype-jsr310-2.9.8.jar;G:\software\m2\com\fasterxml\jackson\module\jackson-module-parameter-names\2.9.8\jackson-module-parameter-names-2.9.8.jar;G:\software\m2\org\springframework\boot\spring-boot-starter-tomcat\2.1.4.RELEASE\spring-boot-starter-tomcat-2.1.4.RELEASE.jar;G:\software\m2\org\apache\tomcat\embed\tomcat-embed-core\9.0.17\tomcat-embed-core-9.0.17.jar;G:\software\m2\org\apache\tomcat\embed\tomcat-embed-el\9.0.17\tomcat-embed-el-9.0.17.jar;G:\software\m2\org\apache\tomcat\embed\tomcat-embed-websocket\9.0.17\tomcat-embed-websocket-9.0.17.jar;G:\software\m2\org\hibernate\validator\hibernate-validator\6.0.16.Final\hibernate-validator-6.0.16.Final.jar;G:\software\m2\org\springframework\spring-web\5.1.6.RELEASE\spring-web-5.1.6.RELEASE.jar;G:\software\m2\org\springframework\spring-webmvc\5.1.6.RELEASE\spring-webmvc-5.1.6.RELEASE.jar;G:\software\m2\org\springframework\boot\spring-boot-starter-test\2.1.4.RELEASE\spring-boot-starter-test-2.1.4.RELEASE.jar;G:\software\m2\org\springframework\boot\spring-boot-test\2.1.4.RELEASE\spring-boot-test-2.1.4.RELEASE.jar;G:\software\m2\org\springframework\boot\spring-boot-test-autoconfigure\2.1.4.RELEASE\spring-boot-test-autoconfigure-2.1.4.RELEASE.jar;G:\software\m2\com\jayway\jsonpath\json-path\2.4.0\json-path-2.4.0.jar;G:\software\m2\net\minidev\json-smart\2.3\json-smart-2.3.jar;G:\software\m2\net\minidev\accessors-smart\1.2\accessors-smart-1.2.jar;G:\software\m2\org\ow2\asm\asm\5.0.4\asm-5.0.4.jar;G:\software\m2\junit\junit\4.12\junit-4.12.jar;G:\software\m2\org\assertj\assertj-core\3.11.1\assertj-core-3.11.1.jar;G:\software\m2\org\mockito\mockito-core\2.23.4\mockito-core-2.23.4.jar;G:\software\m2\net\bytebuddy\byte-buddy\1.9.12\byte-buddy-1.9.12.jar;G:\software\m2\net\bytebuddy\byte-buddy-agent\1.9.12\byte-buddy-agent-1.9.12.jar;G:\software\m2\org\objenesis\objenesis\2.6\objenesis-2.6.jar;G:\software\m2\org\hamcrest\hamcrest-core\1.3\hamcrest-core-1.3.jar;G:\software\m2\org\hamcrest\hamcrest-library\1.3\hamcrest-library-1.3.jar;G:\software\m2\org\skyscreamer\jsonassert\1.5.0\jsonassert-1.5.0.jar;G:\software\m2\com\vaadin\external\google\android-json\0.0.20131108.vaadin1\android-json-0.0.20131108.vaadin1.jar;G:\software\m2\org\springframework\spring-core\5.1.6.RELEASE\spring-core-5.1.6.RELEASE.jar;G:\software\m2\org\springframework\spring-jcl\5.1.6.RELEASE\spring-jcl-5.1.6.RELEASE.jar;G:\software\m2\org\springframework\spring-test\5.1.6.RELEASE\spring-test-5.1.6.RELEASE.jar;G:\software\m2\org\xmlunit\xmlunit-core\2.6.2\xmlunit-core-2.6.2.jar;G:\software\m2\mysql\mysql-connector-java\8.0.15\mysql-connector-java-8.0.15.jar;G:\software\m2\org\springframework\boot\spring-boot-starter-data-mongodb\2.1.4.RELEASE\spring-boot-starter-data-mongodb-2.1.4.RELEASE.jar;G:\software\m2\org\mongodb\mongodb-driver\3.8.2\mongodb-driver-3.8.2.jar;G:\software\m2\org\mongodb\bson\3.8.2\bson-3.8.2.jar;G:\software\m2\org\mongodb\mongodb-driver-core\3.8.2\mongodb-driver-core-3.8.2.jar;G:\software\m2\org\springframework\data\spring-data-mongodb\2.1.6.RELEASE\spring-data-mongodb-2.1.6.RELEASE.jar;G:\software\m2\org\springframework\spring-tx\5.1.6.RELEASE\spring-tx-5.1.6.RELEASE.jar;G:\software\m2\org\springframework\data\spring-data-commons\2.1.6.RELEASE\spring-data-commons-2.1.6.RELEASE.jar;G:\software\m2\org\springframework\boot\spring-boot-devtools\2.1.4.RELEASE\spring-boot-devtools-2.1.4.RELEASE.jar;G:\software\m2\org\springframework\boot\spring-boot\2.1.4.RELEASE\spring-boot-2.1.4.RELEASE.jar;G:\software\m2\org\springframework\boot\spring-boot-autoconfigure\2.1.4.RELEASE\spring-boot-autoconfigure-2.1.4.RELEASE.jar;G:\software\m2\org\springframework\boot\spring-boot-configuration-processor\2.1.4.RELEASE\spring-boot-configuration-processor-2.1.4.RELEASE.jar;G:\software\m2\org\apache\poi\poi\3.15\poi-3.15.jar;G:\software\m2\org\apache\commons\commons-collections4\4.1\commons-collections4-4.1.jar;G:\software\m2\org\apache\poi\poi-ooxml\3.15\poi-ooxml-3.15.jar;G:\software\m2\org\apache\poi\poi-ooxml-schemas\3.15\poi-ooxml-schemas-3.15.jar;G:\software\m2\org\apache\xmlbeans\xmlbeans\2.6.0\xmlbeans-2.6.0.jar;G:\software\m2\stax\stax-api\1.0.1\stax-api-1.0.1.jar;G:\software\m2\com\github\virtuald\curvesapi\1.04\curvesapi-1.04.jar;G:\software\m2\org\springframework\cloud\spring-cloud-starter-netflix-eureka-client\2.1.0.RELEASE\spring-cloud-starter-netflix-eureka-client-2.1.0.RELEASE.jar;G:\software\m2\org\springframework\cloud\spring-cloud-starter\2.1.0.RELEASE\spring-cloud-starter-2.1.0.RELEASE.jar;G:\software\m2\org\springframework\cloud\spring-cloud-context\2.1.0.RELEASE\spring-cloud-context-2.1.0.RELEASE.jar;G:\software\m2\org\springframework\cloud\spring-cloud-commons\2.1.0.RELEASE\spring-cloud-commons-2.1.0.RELEASE.jar;G:\software\m2\org\springframework\security\spring-security-rsa\1.0.7.RELEASE\spring-security-rsa-1.0.7.RELEASE.jar;G:\software\m2\org\bouncycastle\bcpkix-jdk15on\1.60\bcpkix-jdk15on-1.60.jar;G:\software\m2\org\bouncycastle\bcprov-jdk15on\1.60\bcprov-jdk15on-1.60.jar;G:\software\m2\org\springframework\cloud\spring-cloud-netflix-hystrix\2.1.0.RELEASE\spring-cloud-netflix-hystrix-2.1.0.RELEASE.jar;G:\software\m2\org\springframework\cloud\spring-cloud-netflix-eureka-client\2.1.0.RELEASE\spring-cloud-netflix-eureka-client-2.1.0.RELEASE.jar;G:\software\m2\com\netflix\eureka\eureka-client\1.9.8\eureka-client-1.9.8.jar;G:\software\m2\org\codehaus\jettison\jettison\1.3.7\jettison-1.3.7.jar;G:\software\m2\com\netflix\netflix-commons\netflix-eventbus\0.3.0\netflix-eventbus-0.3.0.jar;G:\software\m2\com\netflix\netflix-commons\netflix-infix\0.3.0\netflix-infix-0.3.0.jar;G:\software\m2\commons-jxpath\commons-jxpath\1.3\commons-jxpath-1.3.jar;G:\software\m2\joda-time\joda-time\2.10.1\joda-time-2.10.1.jar;G:\software\m2\org\antlr\antlr-runtime\3.4\antlr-runtime-3.4.jar;G:\software\m2\org\antlr\stringtemplate\3.2.1\stringtemplate-3.2.1.jar;G:\software\m2\com\google\code\gson\gson\2.8.5\gson-2.8.5.jar;G:\software\m2\org\apache\commons\commons-math\2.2\commons-math-2.2.jar;G:\software\m2\com\netflix\archaius\archaius-core\0.7.6\archaius-core-0.7.6.jar;G:\software\m2\com\google\guava\guava\16.0\guava-16.0.jar;G:\software\m2\javax\ws\rs\jsr311-api\1.1.1\jsr311-api-1.1.1.jar;G:\software\m2\com\netflix\servo\servo-core\0.12.21\servo-core-0.12.21.jar;G:\software\m2\com\sun\jersey\jersey-core\1.19.1\jersey-core-1.19.1.jar;G:\software\m2\com\sun\jersey\jersey-client\1.19.1\jersey-client-1.19.1.jar;G:\software\m2\com\sun\jersey\contribs\jersey-apache-client4\1.19.1\jersey-apache-client4-1.19.1.jar;G:\software\m2\org\apache\httpcomponents\httpclient\4.5.8\httpclient-4.5.8.jar;G:\software\m2\org\apache\httpcomponents\httpcore\4.4.11\httpcore-4.4.11.jar;G:\software\m2\com\google\inject\guice\4.1.0\guice-4.1.0.jar;G:\software\m2\javax\inject\javax.inject\1\javax.inject-1.jar;G:\software\m2\aopalliance\aopalliance\1.0\aopalliance-1.0.jar;G:\software\m2\com\github\vlsi\compactmap\compactmap\1.2.1\compactmap-1.2.1.jar;G:\software\m2\com\github\andrewoma\dexx\dexx-collections\0.2\dexx-collections-0.2.jar;G:\software\m2\com\netflix\eureka\eureka-core\1.9.8\eureka-core-1.9.8.jar;G:\software\m2\org\codehaus\woodstox\woodstox-core-asl\4.4.1\woodstox-core-asl-4.4.1.jar;G:\software\m2\javax\xml\stream\stax-api\1.0-2\stax-api-1.0-2.jar;G:\software\m2\org\codehaus\woodstox\stax2-api\3.1.4\stax2-api-3.1.4.jar;G:\software\m2\org\springframework\cloud\spring-cloud-starter-netflix-archaius\2.1.0.RELEASE\spring-cloud-starter-netflix-archaius-2.1.0.RELEASE.jar;G:\software\m2\org\springframework\cloud\spring-cloud-netflix-ribbon\2.1.0.RELEASE\spring-cloud-netflix-ribbon-2.1.0.RELEASE.jar;G:\software\m2\org\springframework\cloud\spring-cloud-netflix-archaius\2.1.0.RELEASE\spring-cloud-netflix-archaius-2.1.0.RELEASE.jar;G:\software\m2\commons-configuration\commons-configuration\1.8\commons-configuration-1.8.jar;G:\software\m2\commons-lang\commons-lang\2.6\commons-lang-2.6.jar;G:\software\m2\org\springframework\cloud\spring-cloud-starter-netflix-ribbon\2.1.0.RELEASE\spring-cloud-starter-netflix-ribbon-2.1.0.RELEASE.jar;G:\software\m2\com\netflix\ribbon\ribbon\2.3.0\ribbon-2.3.0.jar;G:\software\m2\com\netflix\ribbon\ribbon-transport\2.3.0\ribbon-transport-2.3.0.jar;G:\software\m2\io\reactivex\rxnetty-contexts\0.4.9\rxnetty-contexts-0.4.9.jar;G:\software\m2\io\reactivex\rxnetty-servo\0.4.9\rxnetty-servo-0.4.9.jar;G:\software\m2\com\netflix\hystrix\hystrix-core\1.5.18\hystrix-core-1.5.18.jar;G:\software\m2\org\hdrhistogram\HdrHistogram\2.1.9\HdrHistogram-2.1.9.jar;G:\software\m2\io\reactivex\rxnetty\0.4.9\rxnetty-0.4.9.jar;G:\software\m2\com\netflix\ribbon\ribbon-core\2.3.0\ribbon-core-2.3.0.jar;G:\software\m2\com\netflix\ribbon\ribbon-httpclient\2.3.0\ribbon-httpclient-2.3.0.jar;G:\software\m2\com\netflix\netflix-commons\netflix-commons-util\0.3.0\netflix-commons-util-0.3.0.jar;G:\software\m2\com\netflix\ribbon\ribbon-loadbalancer\2.3.0\ribbon-loadbalancer-2.3.0.jar;G:\software\m2\com\netflix\netflix-commons\netflix-statistics\0.1.1\netflix-statistics-0.1.1.jar;G:\software\m2\io\reactivex\rxjava\1.3.8\rxjava-1.3.8.jar;G:\software\m2\com\netflix\ribbon\ribbon-eureka\2.3.0\ribbon-eureka-2.3.0.jar;G:\software\m2\com\thoughtworks\xstream\xstream\1.4.10\xstream-1.4.10.jar;G:\software\m2\xmlpull\xmlpull\1.1.3.1\xmlpull-1.1.3.1.jar;G:\software\m2\xpp3\xpp3_min\1.1.4c\xpp3_min-1.1.4c.jar;G:\software\m2\org\springframework\boot\spring-boot-starter\2.1.4.RELEASE\spring-boot-starter-2.1.4.RELEASE.jar;G:\software\m2\javax\annotation\javax.annotation-api\1.3.2\javax.annotation-api-1.3.2.jar;G:\software\m2\org\yaml\snakeyaml\1.23\snakeyaml-1.23.jar;G:\software\m2\org\springframework\boot\spring-boot-starter-aop\2.1.4.RELEASE\spring-boot-starter-aop-2.1.4.RELEASE.jar;G:\software\m2\org\springframework\spring-aop\5.1.6.RELEASE\spring-aop-5.1.6.RELEASE.jar;G:\software\m2\org\aspectj\aspectjweaver\1.9.2\aspectjweaver-1.9.2.jar;"/>
    <property name="java.vm.vendor" value="Oracle Corporation"/>
    <property name="sun.arch.data.model" value="64"/>
    <property name="user.variant" value=""/>
    <property name="java.vendor.url" value="http://java.oracle.com/"/>
    <property name="user.timezone" value="Asia/Calcutta"/>
    <property name="java.vm.specification.version" value="1.8"/>
    <property name="os.name" value="Windows 10"/>
    <property name="user.country" value="IN"/>
    <property name="sun.java.launcher" value="SUN_STANDARD"/>
    <property name="sun.boot.library.path" value="C:\Program Files\Java\jdk1.8.0_74\jre\bin"/>
    <property name="sun.java.command" value="C:\Users\jhaav\AppData\Local\Temp\surefire7035952447039845558\surefirebooter5337450011752399838.jar C:\Users\jhaav\AppData\Local\Temp\surefire7035952447039845558 2023-02-24T14-15-28_064-jvmRun1 surefire2128162087133947683tmp surefire_09216106499295413273tmp"/>
    <property name="surefire.test.class.path" value="G:\spring workspace\HrmsCustomer\HrmsCustomer-webservices\target\test-classes;G:\spring workspace\HrmsCustomer\HrmsCustomer-webservices\target\classes;G:\spring workspace\HrmsCustomer\HrmsCustomer-common\target\HrmsCustomer-common-0.0.1-SNAPSHOT.jar;G:\software\m2\net\sf\dozer\dozer\5.5.1\dozer-5.5.1.jar;G:\software\m2\commons-beanutils\commons-beanutils\1.9.1\commons-beanutils-1.9.1.jar;G:\software\m2\commons-collections\commons-collections\3.2.1\commons-collections-3.2.1.jar;G:\software\m2\org\apache\commons\commons-lang3\3.8.1\commons-lang3-3.8.1.jar;G:\software\m2\org\slf4j\jcl-over-slf4j\1.7.26\jcl-over-slf4j-1.7.26.jar;G:\software\m2\org\springframework\boot\spring-boot-starter-log4j2\2.1.4.RELEASE\spring-boot-starter-log4j2-2.1.4.RELEASE.jar;G:\software\m2\org\apache\logging\log4j\log4j-slf4j-impl\2.11.2\log4j-slf4j-impl-2.11.2.jar;G:\software\m2\org\apache\logging\log4j\log4j-api\2.11.2\log4j-api-2.11.2.jar;G:\software\m2\org\apache\logging\log4j\log4j-core\2.11.2\log4j-core-2.11.2.jar;G:\software\m2\org\apache\logging\log4j\log4j-jul\2.11.2\log4j-jul-2.11.2.jar;G:\software\m2\org\slf4j\jul-to-slf4j\1.7.26\jul-to-slf4j-1.7.26.jar;G:\software\m2\com\lmax\disruptor\3.3.6\disruptor-3.3.6.jar;G:\software\m2\org\asynchttpclient\async-http-client\2.0.37\async-http-client-2.0.37.jar;G:\software\m2\org\asynchttpclient\async-http-client-netty-utils\2.0.37\async-http-client-netty-utils-2.0.37.jar;G:\software\m2\io\netty\netty-buffer\4.1.34.Final\netty-buffer-4.1.34.Final.jar;G:\software\m2\io\netty\netty-codec-http\4.1.34.Final\netty-codec-http-4.1.34.Final.jar;G:\software\m2\io\netty\netty-common\4.1.34.Final\netty-common-4.1.34.Final.jar;G:\software\m2\io\netty\netty-transport\4.1.34.Final\netty-transport-4.1.34.Final.jar;G:\software\m2\io\netty\netty-resolver\4.1.34.Final\netty-resolver-4.1.34.Final.jar;G:\software\m2\io\netty\netty-codec\4.1.34.Final\netty-codec-4.1.34.Final.jar;G:\software\m2\io\netty\netty-handler\4.1.34.Final\netty-handler-4.1.34.Final.jar;G:\software\m2\io\netty\netty-transport-native-epoll\4.1.34.Final\netty-transport-native-epoll-4.1.34.Final-linux-x86_64.jar;G:\software\m2\io\netty\netty-transport-native-unix-common\4.1.34.Final\netty-transport-native-unix-common-4.1.34.Final.jar;G:\software\m2\org\asynchttpclient\netty-resolver-dns\2.0.37\netty-resolver-dns-2.0.37.jar;G:\software\m2\org\asynchttpclient\netty-resolver\2.0.37\netty-resolver-2.0.37.jar;G:\software\m2\org\asynchttpclient\netty-codec-dns\2.0.37\netty-codec-dns-2.0.37.jar;G:\software\m2\org\reactivestreams\reactive-streams\1.0.2\reactive-streams-1.0.2.jar;G:\software\m2\com\typesafe\netty\netty-reactive-streams\1.0.8\netty-reactive-streams-1.0.8.jar;G:\software\m2\org\json\json\20160212\json-20160212.jar;G:\software\m2\commons-codec\commons-codec\1.11\commons-codec-1.11.jar;G:\software\m2\org\springframework\spring-context\5.1.6.RELEASE\spring-context-5.1.6.RELEASE.jar;G:\software\m2\org\springframework\spring-beans\5.1.6.RELEASE\spring-beans-5.1.6.RELEASE.jar;G:\software\m2\org\springframework\spring-expression\5.1.6.RELEASE\spring-expression-5.1.6.RELEASE.jar;G:\software\m2\com\fasterxml\jackson\core\jackson-core\2.9.8\jackson-core-2.9.8.jar;G:\software\m2\com\fasterxml\jackson\core\jackson-databind\2.9.8\jackson-databind-2.9.8.jar;G:\software\m2\org\slf4j\slf4j-api\1.7.26\slf4j-api-1.7.26.jar;G:\software\m2\org\springframework\security\spring-security-crypto\5.1.5.RELEASE\spring-security-crypto-5.1.5.RELEASE.jar;G:\software\m2\org\springframework\boot\spring-boot-starter-mail\2.1.4.RELEASE\spring-boot-starter-mail-2.1.4.RELEASE.jar;G:\software\m2\org\springframework\spring-context-support\5.1.6.RELEASE\spring-context-support-5.1.6.RELEASE.jar;G:\software\m2\com\sun\mail\javax.mail\1.6.2\javax.mail-1.6.2.jar;G:\software\m2\javax\activation\activation\1.1\activation-1.1.jar;G:\software\m2\org\springframework\boot\spring-boot-starter-freemarker\2.1.4.RELEASE\spring-boot-starter-freemarker-2.1.4.RELEASE.jar;G:\software\m2\org\freemarker\freemarker\2.3.28\freemarker-2.3.28.jar;G:\software\m2\org\springframework\boot\spring-boot-starter-data-redis\2.1.4.RELEASE\spring-boot-starter-data-redis-2.1.4.RELEASE.jar;G:\software\m2\org\springframework\data\spring-data-redis\2.1.6.RELEASE\spring-data-redis-2.1.6.RELEASE.jar;G:\software\m2\org\springframework\data\spring-data-keyvalue\2.1.6.RELEASE\spring-data-keyvalue-2.1.6.RELEASE.jar;G:\software\m2\org\springframework\spring-oxm\5.1.6.RELEASE\spring-oxm-5.1.6.RELEASE.jar;G:\software\m2\io\lettuce\lettuce-core\5.1.6.RELEASE\lettuce-core-5.1.6.RELEASE.jar;G:\software\m2\io\projectreactor\reactor-core\3.2.8.RELEASE\reactor-core-3.2.8.RELEASE.jar;G:\spring workspace\HrmsCustomer\HrmsCustomer-DTO\target\HrmsCustomer-DTO-0.0.1-SNAPSHOT.jar;G:\software\m2\org\hibernate\javax\persistence\hibernate-jpa-2.1-api\1.0.0.Final\hibernate-jpa-2.1-api-1.0.0.Final.jar;G:\software\m2\org\hibernate\hibernate-validator\5.2.4.Final\hibernate-validator-5.2.4.Final.jar;G:\software\m2\javax\validation\validation-api\2.0.1.Final\validation-api-2.0.1.Final.jar;G:\software\m2\org\jboss\logging\jboss-logging\3.3.2.Final\jboss-logging-3.3.2.Final.jar;G:\software\m2\com\fasterxml\classmate\1.4.0\classmate-1.4.0.jar;G:\software\m2\org\hibernate\hibernate-java8\5.3.9.Final\hibernate-java8-5.3.9.Final.jar;G:\software\m2\org\hibernate\hibernate-core\5.3.9.Final\hibernate-core-5.3.9.Final.jar;G:\software\m2\javax\persistence\javax.persistence-api\2.2\javax.persistence-api-2.2.jar;G:\software\m2\org\javassist\javassist\3.23.1-GA\javassist-3.23.1-GA.jar;G:\software\m2\antlr\antlr\2.7.7\antlr-2.7.7.jar;G:\software\m2\org\jboss\spec\javax\transaction\jboss-transaction-api_1.2_spec\1.1.1.Final\jboss-transaction-api_1.2_spec-1.1.1.Final.jar;G:\software\m2\org\jboss\jandex\2.0.5.Final\jandex-2.0.5.Final.jar;G:\software\m2\javax\activation\javax.activation-api\1.2.0\javax.activation-api-1.2.0.jar;G:\software\m2\org\dom4j\dom4j\2.1.1\dom4j-2.1.1.jar;G:\software\m2\org\hibernate\common\hibernate-commons-annotations\5.0.4.Final\hibernate-commons-annotations-5.0.4.Final.jar;G:\software\m2\com\fasterxml\jackson\core\jackson-annotations\2.9.0\jackson-annotations-2.9.0.jar;G:\software\m2\org\projectlombok\lombok\1.18.6\lombok-1.18.6.jar;G:\spring workspace\HrmsCustomer\HrmsCustomer-security\target\HrmsCustomer-security-0.0.1-SNAPSHOT.jar;G:\software\m2\org\springframework\boot\spring-boot-starter-security\2.1.4.RELEASE\spring-boot-starter-security-2.1.4.RELEASE.jar;G:\software\m2\org\springframework\security\spring-security-config\5.1.5.RELEASE\spring-security-config-5.1.5.RELEASE.jar;G:\software\m2\org\springframework\security\spring-security-core\5.1.5.RELEASE\spring-security-core-5.1.5.RELEASE.jar;G:\software\m2\org\springframework\security\spring-security-web\5.1.5.RELEASE\spring-security-web-5.1.5.RELEASE.jar;G:\software\m2\io\jsonwebtoken\jjwt\0.9.0\jjwt-0.9.0.jar;G:\software\m2\org\modelmapper\modelmapper\2.3.2\modelmapper-2.3.2.jar;G:\spring workspace\HrmsCustomer\HrmsCustomer-DAO\target\HrmsCustomer-DAO-0.0.1-SNAPSHOT.jar;G:\software\m2\org\springframework\boot\spring-boot-starter-data-jpa\2.1.4.RELEASE\spring-boot-starter-data-jpa-2.1.4.RELEASE.jar;G:\software\m2\org\springframework\boot\spring-boot-starter-jdbc\2.1.4.RELEASE\spring-boot-starter-jdbc-2.1.4.RELEASE.jar;G:\software\m2\com\zaxxer\HikariCP\3.2.0\HikariCP-3.2.0.jar;G:\software\m2\org\springframework\spring-jdbc\5.1.6.RELEASE\spring-jdbc-5.1.6.RELEASE.jar;G:\software\m2\javax\transaction\javax.transaction-api\1.3\javax.transaction-api-1.3.jar;G:\software\m2\javax\xml\bind\jaxb-api\2.3.1\jaxb-api-2.3.1.jar;G:\software\m2\org\springframework\data\spring-data-jpa\2.1.6.RELEASE\spring-data-jpa-2.1.6.RELEASE.jar;G:\software\m2\org\springframework\spring-orm\5.1.6.RELEASE\spring-orm-5.1.6.RELEASE.jar;G:\software\m2\org\springframework\spring-aspects\5.1.6.RELEASE\spring-aspects-5.1.6.RELEASE.jar;G:\software\m2\org\springframework\boot\spring-boot-starter-web\2.1.4.RELEASE\spring-boot-starter-web-2.1.4.RELEASE.jar;G:\software\m2\org\springframework\boot\spring-boot-starter-json\2.1.4.RELEASE\spring-boot-starter-json-2.1.4.RELEASE.jar;G:\software\m2\com\fasterxml\jackson\datatype\jackson-datatype-jdk8\2.9.8\jackson-datatype-jdk8-2.9.8.jar;G:\software\m2\com\fasterxml\jackson\datatype\jackson-datatype-jsr310\2.9.8\jackson-datatype-jsr310-2.9.8.jar;G:\software\m2\com\fasterxml\jackson\module\jackson-module-parameter-names\2.9.8\jackson-module-parameter-names-2.9.8.jar;G:\software\m2\org\springframework\boot\spring-boot-starter-tomcat\2.1.4.RELEASE\spring-boot-starter-tomcat-2.1.4.RELEASE.jar;G:\software\m2\org\apache\tomcat\embed\tomcat-embed-core\9.0.17\tomcat-embed-core-9.0.17.jar;G:\software\m2\org\apache\tomcat\embed\tomcat-embed-el\9.0.17\tomcat-embed-el-9.0.17.jar;G:\software\m2\org\apache\tomcat\embed\tomcat-embed-websocket\9.0.17\tomcat-embed-websocket-9.0.17.jar;G:\software\m2\org\hibernate\validator\hibernate-validator\6.0.16.Final\hibernate-validator-6.0.16.Final.jar;G:\software\m2\org\springframework\spring-web\5.1.6.RELEASE\spring-web-5.1.6.RELEASE.jar;G:\software\m2\org\springframework\spring-webmvc\5.1.6.RELEASE\spring-webmvc-5.1.6.RELEASE.jar;G:\software\m2\org\springframework\boot\spring-boot-starter-test\2.1.4.RELEASE\spring-boot-starter-test-2.1.4.RELEASE.jar;G:\software\m2\org\springframework\boot\spring-boot-test\2.1.4.RELEASE\spring-boot-test-2.1.4.RELEASE.jar;G:\software\m2\org\springframework\boot\spring-boot-test-autoconfigure\2.1.4.RELEASE\spring-boot-test-autoconfigure-2.1.4.RELEASE.jar;G:\software\m2\com\jayway\jsonpath\json-path\2.4.0\json-path-2.4.0.jar;G:\software\m2\net\minidev\json-smart\2.3\json-smart-2.3.jar;G:\software\m2\net\minidev\accessors-smart\1.2\accessors-smart-1.2.jar;G:\software\m2\org\ow2\asm\asm\5.0.4\asm-5.0.4.jar;G:\software\m2\junit\junit\4.12\junit-4.12.jar;G:\software\m2\org\assertj\assertj-core\3.11.1\assertj-core-3.11.1.jar;G:\software\m2\org\mockito\mockito-core\2.23.4\mockito-core-2.23.4.jar;G:\software\m2\net\bytebuddy\byte-buddy\1.9.12\byte-buddy-1.9.12.jar;G:\software\m2\net\bytebuddy\byte-buddy-agent\1.9.12\byte-buddy-agent-1.9.12.jar;G:\software\m2\org\objenesis\objenesis\2.6\objenesis-2.6.jar;G:\software\m2\org\hamcrest\hamcrest-core\1.3\hamcrest-core-1.3.jar;G:\software\m2\org\hamcrest\hamcrest-library\1.3\hamcrest-library-1.3.jar;G:\software\m2\org\skyscreamer\jsonassert\1.5.0\jsonassert-1.5.0.jar;G:\software\m2\com\vaadin\external\google\android-json\0.0.20131108.vaadin1\android-json-0.0.20131108.vaadin1.jar;G:\software\m2\org\springframework\spring-core\5.1.6.RELEASE\spring-core-5.1.6.RELEASE.jar;G:\software\m2\org\springframework\spring-jcl\5.1.6.RELEASE\spring-jcl-5.1.6.RELEASE.jar;G:\software\m2\org\springframework\spring-test\5.1.6.RELEASE\spring-test-5.1.6.RELEASE.jar;G:\software\m2\org\xmlunit\xmlunit-core\2.6.2\xmlunit-core-2.6.2.jar;G:\software\m2\mysql\mysql-connector-java\8.0.15\mysql-connector-java-8.0.15.jar;G:\software\m2\org\springframework\boot\spring-boot-starter-data-mongodb\2.1.4.RELEASE\spring-boot-starter-data-mongodb-2.1.4.RELEASE.jar;G:\software\m2\org\mongodb\mongodb-driver\3.8.2\mongodb-driver-3.8.2.jar;G:\software\m2\org\mongodb\bson\3.8.2\bson-3.8.2.jar;G:\software\m2\org\mongodb\mongodb-driver-core\3.8.2\mongodb-driver-core-3.8.2.jar;G:\software\m2\org\springframework\data\spring-data-mongodb\2.1.6.RELEASE\spring-data-mongodb-2.1.6.RELEASE.jar;G:\software\m2\org\springframework\spring-tx\5.1.6.RELEASE\spring-tx-5.1.6.RELEASE.jar;G:\software\m2\org\springframework\data\spring-data-commons\2.1.6.RELEASE\spring-data-commons-2.1.6.RELEASE.jar;G:\software\m2\org\springframework\boot\spring-boot-devtools\2.1.4.RELEASE\spring-boot-devtools-2.1.4.RELEASE.jar;G:\software\m2\org\springframework\boot\spring-boot\2.1.4.RELEASE\spring-boot-2.1.4.RELEASE.jar;G:\software\m2\org\springframework\boot\spring-boot-autoconfigure\2.1.4.RELEASE\spring-boot-autoconfigure-2.1.4.RELEASE.jar;G:\software\m2\org\springframework\boot\spring-boot-configuration-processor\2.1.4.RELEASE\spring-boot-configuration-processor-2.1.4.RELEASE.jar;G:\software\m2\org\apache\poi\poi\3.15\poi-3.15.jar;G:\software\m2\org\apache\commons\commons-collections4\4.1\commons-collections4-4.1.jar;G:\software\m2\org\apache\poi\poi-ooxml\3.15\poi-ooxml-3.15.jar;G:\software\m2\org\apache\poi\poi-ooxml-schemas\3.15\poi-ooxml-schemas-3.15.jar;G:\software\m2\org\apache\xmlbeans\xmlbeans\2.6.0\xmlbeans-2.6.0.jar;G:\software\m2\stax\stax-api\1.0.1\stax-api-1.0.1.jar;G:\software\m2\com\github\virtuald\curvesapi\1.04\curvesapi-1.04.jar;G:\software\m2\org\springframework\cloud\spring-cloud-starter-netflix-eureka-client\2.1.0.RELEASE\spring-cloud-starter-netflix-eureka-client-2.1.0.RELEASE.jar;G:\software\m2\org\springframework\cloud\spring-cloud-starter\2.1.0.RELEASE\spring-cloud-starter-2.1.0.RELEASE.jar;G:\software\m2\org\springframework\cloud\spring-cloud-context\2.1.0.RELEASE\spring-cloud-context-2.1.0.RELEASE.jar;G:\software\m2\org\springframework\cloud\spring-cloud-commons\2.1.0.RELEASE\spring-cloud-commons-2.1.0.RELEASE.jar;G:\software\m2\org\springframework\security\spring-security-rsa\1.0.7.RELEASE\spring-security-rsa-1.0.7.RELEASE.jar;G:\software\m2\org\bouncycastle\bcpkix-jdk15on\1.60\bcpkix-jdk15on-1.60.jar;G:\software\m2\org\bouncycastle\bcprov-jdk15on\1.60\bcprov-jdk15on-1.60.jar;G:\software\m2\org\springframework\cloud\spring-cloud-netflix-hystrix\2.1.0.RELEASE\spring-cloud-netflix-hystrix-2.1.0.RELEASE.jar;G:\software\m2\org\springframework\cloud\spring-cloud-netflix-eureka-client\2.1.0.RELEASE\spring-cloud-netflix-eureka-client-2.1.0.RELEASE.jar;G:\software\m2\com\netflix\eureka\eureka-client\1.9.8\eureka-client-1.9.8.jar;G:\software\m2\org\codehaus\jettison\jettison\1.3.7\jettison-1.3.7.jar;G:\software\m2\com\netflix\netflix-commons\netflix-eventbus\0.3.0\netflix-eventbus-0.3.0.jar;G:\software\m2\com\netflix\netflix-commons\netflix-infix\0.3.0\netflix-infix-0.3.0.jar;G:\software\m2\commons-jxpath\commons-jxpath\1.3\commons-jxpath-1.3.jar;G:\software\m2\joda-time\joda-time\2.10.1\joda-time-2.10.1.jar;G:\software\m2\org\antlr\antlr-runtime\3.4\antlr-runtime-3.4.jar;G:\software\m2\org\antlr\stringtemplate\3.2.1\stringtemplate-3.2.1.jar;G:\software\m2\com\google\code\gson\gson\2.8.5\gson-2.8.5.jar;G:\software\m2\org\apache\commons\commons-math\2.2\commons-math-2.2.jar;G:\software\m2\com\netflix\archaius\archaius-core\0.7.6\archaius-core-0.7.6.jar;G:\software\m2\com\google\guava\guava\16.0\guava-16.0.jar;G:\software\m2\javax\ws\rs\jsr311-api\1.1.1\jsr311-api-1.1.1.jar;G:\software\m2\com\netflix\servo\servo-core\0.12.21\servo-core-0.12.21.jar;G:\software\m2\com\sun\jersey\jersey-core\1.19.1\jersey-core-1.19.1.jar;G:\software\m2\com\sun\jersey\jersey-client\1.19.1\jersey-client-1.19.1.jar;G:\software\m2\com\sun\jersey\contribs\jersey-apache-client4\1.19.1\jersey-apache-client4-1.19.1.jar;G:\software\m2\org\apache\httpcomponents\httpclient\4.5.8\httpclient-4.5.8.jar;G:\software\m2\org\apache\httpcomponents\httpcore\4.4.11\httpcore-4.4.11.jar;G:\software\m2\com\google\inject\guice\4.1.0\guice-4.1.0.jar;G:\software\m2\javax\inject\javax.inject\1\javax.inject-1.jar;G:\software\m2\aopalliance\aopalliance\1.0\aopalliance-1.0.jar;G:\software\m2\com\github\vlsi\compactmap\compactmap\1.2.1\compactmap-1.2.1.jar;G:\software\m2\com\github\andrewoma\dexx\dexx-collections\0.2\dexx-collections-0.2.jar;G:\software\m2\com\netflix\eureka\eureka-core\1.9.8\eureka-core-1.9.8.jar;G:\software\m2\org\codehaus\woodstox\woodstox-core-asl\4.4.1\woodstox-core-asl-4.4.1.jar;G:\software\m2\javax\xml\stream\stax-api\1.0-2\stax-api-1.0-2.jar;G:\software\m2\org\codehaus\woodstox\stax2-api\3.1.4\stax2-api-3.1.4.jar;G:\software\m2\org\springframework\cloud\spring-cloud-starter-netflix-archaius\2.1.0.RELEASE\spring-cloud-starter-netflix-archaius-2.1.0.RELEASE.jar;G:\software\m2\org\springframework\cloud\spring-cloud-netflix-ribbon\2.1.0.RELEASE\spring-cloud-netflix-ribbon-2.1.0.RELEASE.jar;G:\software\m2\org\springframework\cloud\spring-cloud-netflix-archaius\2.1.0.RELEASE\spring-cloud-netflix-archaius-2.1.0.RELEASE.jar;G:\software\m2\commons-configuration\commons-configuration\1.8\commons-configuration-1.8.jar;G:\software\m2\commons-lang\commons-lang\2.6\commons-lang-2.6.jar;G:\software\m2\org\springframework\cloud\spring-cloud-starter-netflix-ribbon\2.1.0.RELEASE\spring-cloud-starter-netflix-ribbon-2.1.0.RELEASE.jar;G:\software\m2\com\netflix\ribbon\ribbon\2.3.0\ribbon-2.3.0.jar;G:\software\m2\com\netflix\ribbon\ribbon-transport\2.3.0\ribbon-transport-2.3.0.jar;G:\software\m2\io\reactivex\rxnetty-contexts\0.4.9\rxnetty-contexts-0.4.9.jar;G:\software\m2\io\reactivex\rxnetty-servo\0.4.9\rxnetty-servo-0.4.9.jar;G:\software\m2\com\netflix\hystrix\hystrix-core\1.5.18\hystrix-core-1.5.18.jar;G:\software\m2\org\hdrhistogram\HdrHistogram\2.1.9\HdrHistogram-2.1.9.jar;G:\software\m2\io\reactivex\rxnetty\0.4.9\rxnetty-0.4.9.jar;G:\software\m2\com\netflix\ribbon\ribbon-core\2.3.0\ribbon-core-2.3.0.jar;G:\software\m2\com\netflix\ribbon\ribbon-httpclient\2.3.0\ribbon-httpclient-2.3.0.jar;G:\software\m2\com\netflix\netflix-commons\netflix-commons-util\0.3.0\netflix-commons-util-0.3.0.jar;G:\software\m2\com\netflix\ribbon\ribbon-loadbalancer\2.3.0\ribbon-loadbalancer-2.3.0.jar;G:\software\m2\com\netflix\netflix-commons\netflix-statistics\0.1.1\netflix-statistics-0.1.1.jar;G:\software\m2\io\reactivex\rxjava\1.3.8\rxjava-1.3.8.jar;G:\software\m2\com\netflix\ribbon\ribbon-eureka\2.3.0\ribbon-eureka-2.3.0.jar;G:\software\m2\com\thoughtworks\xstream\xstream\1.4.10\xstream-1.4.10.jar;G:\software\m2\xmlpull\xmlpull\1.1.3.1\xmlpull-1.1.3.1.jar;G:\software\m2\xpp3\xpp3_min\1.1.4c\xpp3_min-1.1.4c.jar;G:\software\m2\org\springframework\boot\spring-boot-starter\2.1.4.RELEASE\spring-boot-starter-2.1.4.RELEASE.jar;G:\software\m2\javax\annotation\javax.annotation-api\1.3.2\javax.annotation-api-1.3.2.jar;G:\software\m2\org\yaml\snakeyaml\1.23\snakeyaml-1.23.jar;G:\software\m2\org\springframework\boot\spring-boot-starter-aop\2.1.4.RELEASE\spring-boot-starter-aop-2.1.4.RELEASE.jar;G:\software\m2\org\springframework\spring-aop\5.1.6.RELEASE\spring-aop-5.1.6.RELEASE.jar;G:\software\m2\org\aspectj\aspectjweaver\1.9.2\aspectjweaver-1.9.2.jar;"/>
    <property name="sun.cpu.endian" value="little"/>
    <property name="user.home" value="C:\Users\jhaav"/>
    <property name="user.language" value="en"/>
    <property name="java.specification.vendor" value="Oracle Corporation"/>
    <property name="java.home" value="C:\Program Files\Java\jdk1.8.0_74\jre"/>
    <property name="basedir" value="G:\spring workspace\HrmsCustomer\HrmsCustomer-webservices"/>
    <property name="file.separator" value="\"/>
    <property name="line.separator" value="&#10;"/>
    <property name="java.vm.specification.vendor" value="Oracle Corporation"/>
    <property name="java.specification.name" value="Java Platform API Specification"/>
    <property name="java.awt.graphicsenv" value="sun.awt.Win32GraphicsEnvironment"/>
    <property name="surefire.real.class.path" value="C:\Users\jhaav\AppData\Local\Temp\surefire7035952447039845558\surefirebooter5337450011752399838.jar"/>
    <property name="sun.boot.class.path" value="C:\Program Files\Java\jdk1.8.0_74\jre\lib\resources.jar;C:\Program Files\Java\jdk1.8.0_74\jre\lib\rt.jar;C:\Program Files\Java\jdk1.8.0_74\jre\lib\sunrsasign.jar;C:\Program Files\Java\jdk1.8.0_74\jre\lib\jsse.jar;C:\Program Files\Java\jdk1.8.0_74\jre\lib\jce.jar;C:\Program Files\Java\jdk1.8.0_74\jre\lib\charsets.jar;C:\Program Files\Java\jdk1.8.0_74\jre\lib\jfr.jar;C:\Program Files\Java\jdk1.8.0_74\jre\classes"/>
    <property name="user.script" value=""/>
    <property name="sun.management.compiler" value="HotSpot 64-Bit Tiered Compilers"/>
    <property name="java.runtime.version" value="1.8.0_74-b02"/>
    <property name="user.name" value="jhaav"/>
    <property name="path.separator" value=";"/>
    <property name="os.version" value="10.0"/>
    <property name="java.endorsed.dirs" value="C:\Program Files\Java\jdk1.8.0_74\jre\lib\endorsed"/>
    <property name="java.runtime.name" value="Java(TM) SE Runtime Environment"/>
    <property name="file.encoding" value="Cp1252"/>
    <property name="java.vm.name" value="Java HotSpot(TM) 64-Bit Server VM"/>
    <property name="localRepository" value="G:\software\m2"/>
    <property name="java.vendor.url.bug" value="http://bugreport.sun.com/bugreport/"/>
    <property name="java.io.tmpdir" value="C:\Users\jhaav\AppData\Local\Temp\"/>
    <property name="idea.version" value="2022.2"/>
    <property name="java.version" value="1.8.0_74"/>
    <property name="user.dir" value="G:\spring workspace\HrmsCustomer\HrmsCustomer-webservices"/>
    <property name="os.arch" value="amd64"/>
    <property name="java.vm.specification.name" value="Java Virtual Machine Specification"/>
    <property name="java.awt.printerjob" value="sun.awt.windows.WPrinterJob"/>
    <property name="sun.os.patch.level" value=""/>
    <property name="java.library.path" value="C:\Program Files\Java\jdk1.8.0_74\jre\bin;C:\Windows\Sun\Java\bin;C:\Windows\system32;C:\Windows;C:\Program Files\Common Files\Oracle\Java\javapath;C:\Windows\system32;C:\Windows;C:\Windows\System32\Wbem;C:\Windows\System32\WindowsPowerShell\v1.0\;C:\Windows\System32\OpenSSH\;C:\Program Files\nodejs\;C:\Program Files\Microsoft VS Code\bin;G:\software\apache-maven-3.3.9\bin;C:\Program Files\Java\jdk1.8.0_74\bin;C:\Program Files\MongoDB\Server\5.0\bin;C:\Program Files\MySQL\MySQL Shell 8.0\bin\;C:\Users\jhaav\AppData\Local\Microsoft\WindowsApps;C:\Users\jhaav\AppData\Roaming\npm;."/>
    <property name="java.vm.info" value="mixed mode"/>
    <property name="java.vendor" value="Oracle Corporation"/>
    <property name="java.vm.version" value="25.74-b02"/>
    <property name="java.ext.dirs" value="C:\Program Files\Java\jdk1.8.0_74\jre\lib\ext;C:\Windows\Sun\Java\lib\ext"/>
    <property name="sun.io.unicode.encoding" value="UnicodeLittle"/>
    <property name="maven.repo.local" value="G:\software\m2"/>
    <property name="java.class.version" value="52.0"/>
  </properties>
  <testcase name="testStream" classname="com.ssa.hrmsCustomer.HrmsCustomerTest" time="0.141"/>
</testsuite>